e:\qtapplication\vs2017project\jied\translate-master\translate-master\debug\main.obj
e:\qtapplication\vs2017project\jied\translate-master\translate-master\debug\widget.obj
e:\qtapplication\vs2017project\jied\translate-master\translate-master\debug\curl.obj
e:\qtapplication\vs2017project\jied\translate-master\translate-master\debug\apiwidget.obj
e:\qtapplication\vs2017project\jied\translate-master\translate-master\debug\vc141.pdb
e:\qtapplication\vs2017project\jied\translate-master\translate-master\debug\moc_apiwidget.obj
e:\qtapplication\vs2017project\jied\translate-master\translate-master\debug\moc_widget.obj
e:\qtapplication\vs2017project\jied\translate-master\translate-master\debug\jsoncpp.obj
e:\qtapplication\vs2017project\jied\translate-master\translate-master\debug\moc_predefs.h
e:\qtapplication\vs2017project\jied\translate-master\translate-master\debug\translate.exe
e:\qtapplication\vs2017project\jied\translate-master\translate-master\debug\translate.ilk
e:\qtapplication\vs2017project\jied\translate-master\translate-master\debug\translate.pdb
e:\qtapplication\vs2017project\jied\translate-master\translate-master\debug\moc_widget.cpp
e:\qtapplication\vs2017project\jied\translate-master\translate-master\ui_apiwidget.h
e:\qtapplication\vs2017project\jied\translate-master\translate-master\ui_widget.h
e:\qtapplication\vs2017project\jied\translate-master\translate-master\debug\moc_apiwidget.cpp
e:\qtapplication\vs2017project\jied\translate-master\translate-master\debug\translate.tlog\cl.command.1.tlog
e:\qtapplication\vs2017project\jied\translate-master\translate-master\debug\translate.tlog\cl.read.1.tlog
e:\qtapplication\vs2017project\jied\translate-master\translate-master\debug\translate.tlog\cl.write.1.tlog
e:\qtapplication\vs2017project\jied\translate-master\translate-master\debug\translate.tlog\custombuild.command.1.tlog
e:\qtapplication\vs2017project\jied\translate-master\translate-master\debug\translate.tlog\custombuild.read.1.tlog
e:\qtapplication\vs2017project\jied\translate-master\translate-master\debug\translate.tlog\custombuild.write.1.tlog
e:\qtapplication\vs2017project\jied\translate-master\translate-master\debug\translate.tlog\link.10108.delete.1.tlog
e:\qtapplication\vs2017project\jied\translate-master\translate-master\debug\translate.tlog\link.10276.delete.1.tlog
e:\qtapplication\vs2017project\jied\translate-master\translate-master\debug\translate.tlog\link.16556.delete.1.tlog
e:\qtapplication\vs2017project\jied\translate-master\translate-master\debug\translate.tlog\link.16816.delete.1.tlog
e:\qtapplication\vs2017project\jied\translate-master\translate-master\debug\translate.tlog\link.20780.delete.1.tlog
e:\qtapplication\vs2017project\jied\translate-master\translate-master\debug\translate.tlog\link.22500.delete.1.tlog
e:\qtapplication\vs2017project\jied\translate-master\translate-master\debug\translate.tlog\link.command.1.tlog
e:\qtapplication\vs2017project\jied\translate-master\translate-master\debug\translate.tlog\link.delete.1.tlog
e:\qtapplication\vs2017project\jied\translate-master\translate-master\debug\translate.tlog\link.read.1.tlog
e:\qtapplication\vs2017project\jied\translate-master\translate-master\debug\translate.tlog\link.write.1.tlog
e:\qtapplication\vs2017project\jied\translate-master\translate-master\debug\translate.tlog\moc.read.1u.tlog
e:\qtapplication\vs2017project\jied\translate-master\translate-master\debug\translate.tlog\moc.write.1u.tlog
e:\qtapplication\vs2017project\jied\translate-master\translate-master\debug\translate.tlog\translate.write.1u.tlog
e:\qtapplication\vs2017project\jied\translate-master\translate-master\debug\translate.tlog\uic.read.1u.tlog
e:\qtapplication\vs2017project\jied\translate-master\translate-master\debug\translate.tlog\uic.write.1u.tlog
